<?xml version="1.0" encoding="utf-8"?><testsuites name="pytest tests"><testsuite name="pytest" errors="0" failures="0" skipped="0" tests="9" time="2.177" timestamp="2026-05-07T00:50:21.072299+00:00" hostname="agent-env-d177065d-2bd8-4d4c-b775-3b9288ef19d0"><testcase classname="backend.tests.backend_test.TestThemeInfo" name="test_theme_info_returns_metadata" time="0.445" /><testcase classname="backend.tests.backend_test.TestThemeDownload" name="test_download_returns_zip" time="0.245" /><testcase classname="backend.tests.backend_test.TestThemeDownload" name="test_zip_contains_theme_files" time="0.224" /><testcase classname="backend.tests.backend_test.TestContact" name="test_contact_submit_success" time="0.305" /><testcase classname="backend.tests.backend_test.TestContact" name="test_contact_invalid_email_rejected" time="0.194" /><testcase classname="backend.tests.backend_test.TestContact" name="test_contact_missing_required_fields" time="0.233" /><testcase classname="backend.tests.backend_test.TestNewsletter" name="test_newsletter_signup_success" time="0.198" /><testcase classname="backend.tests.backend_test.TestNewsletter" name="test_newsletter_invalid_email" time="0.126" /><testcase classname="backend.tests.backend_test.TestThemeRebuild" name="test_rebuild_endpoint" time="0.131" /></testsuite></testsuites>